<?xml version="1.0" encoding="UTF-8"?>
<robot generator="Robot 3.2.2 (Python 3.9.0 on win32)" generated="20211121 16:43:47.941" rpa="false">
<suite id="s1" name="Swag" source="C:\Users\jussi\robotframework\swag.robot">
<test id="s1-t1" name="Prepare Browser">
<kw name="Open Browser" library="SeleniumLibrary">
<doc>Opens a new browser instance to the optional ``url``.</doc>
<arguments>
<arg>${URL}</arg>
<arg>Chrome</arg>
</arguments>
<msg timestamp="20211121 16:43:48.073" level="INFO">Opening browser 'Chrome' to base url 'https://www.saucedemo.com'.</msg>
<status status="PASS" starttime="20211121 16:43:48.073" endtime="20211121 16:43:49.437"></status>
</kw>
<kw name="Maximize Browser Window" library="SeleniumLibrary">
<doc>Maximizes current browser window.</doc>
<status status="PASS" starttime="20211121 16:43:49.437" endtime="20211121 16:43:49.552"></status>
</kw>
<kw name="Set Selenium Speed" library="SeleniumLibrary">
<doc>Sets the delay that is waited after each Selenium command.</doc>
<arguments>
<arg>${DELAY}</arg>
</arguments>
<status status="PASS" starttime="20211121 16:43:49.552" endtime="20211121 16:43:49.552"></status>
</kw>
<status status="PASS" starttime="20211121 16:43:48.072" endtime="20211121 16:43:49.552" critical="yes"></status>
</test>
<test id="s1-t2" name="Login">
<kw name="Wait Until Page Contains Element" library="SeleniumLibrary">
<doc>Waits until the element ``locator`` appears on the current page.</doc>
<arguments>
<arg>id=login-button</arg>
</arguments>
<status status="PASS" starttime="20211121 16:43:49.553" endtime="20211121 16:43:49.675"></status>
</kw>
<kw name="Input Text" library="SeleniumLibrary">
<doc>Types the given ``text`` into the text field identified by ``locator``.</doc>
<arguments>
<arg>id=user-name</arg>
<arg>standard_user</arg>
</arguments>
<msg timestamp="20211121 16:43:49.675" level="INFO">Typing text 'standard_user' into text field 'id=user-name'.</msg>
<status status="PASS" starttime="20211121 16:43:49.675" endtime="20211121 16:43:50.046"></status>
</kw>
<kw name="Input Text" library="SeleniumLibrary">
<doc>Types the given ``text`` into the text field identified by ``locator``.</doc>
<arguments>
<arg>id=password</arg>
<arg>secret_sauce</arg>
</arguments>
<msg timestamp="20211121 16:43:50.046" level="INFO">Typing text 'secret_sauce' into text field 'id=password'.</msg>
<status status="PASS" starttime="20211121 16:43:50.046" endtime="20211121 16:43:50.418"></status>
</kw>
<kw name="Click Element" library="SeleniumLibrary">
<doc>Click the element identified by ``locator``.</doc>
<arguments>
<arg>id=login-button</arg>
</arguments>
<msg timestamp="20211121 16:43:50.418" level="INFO">Clicking element 'id=login-button'.</msg>
<status status="PASS" starttime="20211121 16:43:50.418" endtime="20211121 16:43:50.683"></status>
</kw>
<status status="PASS" starttime="20211121 16:43:49.553" endtime="20211121 16:43:50.683" critical="yes"></status>
</test>
<test id="s1-t3" name="Choose Product">
<kw name="Wait Until Page Contains Element" library="SeleniumLibrary">
<doc>Waits until the element ``locator`` appears on the current page.</doc>
<arguments>
<arg>id=shopping_cart_container</arg>
</arguments>
<status status="PASS" starttime="20211121 16:43:50.684" endtime="20211121 16:43:50.794"></status>
</kw>
<kw name="Click Element" library="SeleniumLibrary">
<doc>Click the element identified by ``locator``.</doc>
<arguments>
<arg>//div//button[@id="add-to-cart-sauce-labs-bike-light"]</arg>
</arguments>
<msg timestamp="20211121 16:43:50.794" level="INFO">Clicking element '//div//button[@id="add-to-cart-sauce-labs-bike-light"]'.</msg>
<status status="PASS" starttime="20211121 16:43:50.794" endtime="20211121 16:43:51.027"></status>
</kw>
<kw name="Click Element" library="SeleniumLibrary">
<doc>Click the element identified by ``locator``.</doc>
<arguments>
<arg>id=shopping_cart_container</arg>
</arguments>
<msg timestamp="20211121 16:43:51.027" level="INFO">Clicking element 'id=shopping_cart_container'.</msg>
<status status="PASS" starttime="20211121 16:43:51.027" endtime="20211121 16:43:51.267"></status>
</kw>
<status status="PASS" starttime="20211121 16:43:50.683" endtime="20211121 16:43:51.267" critical="yes"></status>
</test>
<test id="s1-t4" name="Checkout">
<kw name="Wait Until Page Contains Element" library="SeleniumLibrary">
<doc>Waits until the element ``locator`` appears on the current page.</doc>
<arguments>
<arg>id=checkout</arg>
</arguments>
<status status="PASS" starttime="20211121 16:43:51.267" endtime="20211121 16:43:51.377"></status>
</kw>
<kw name="Click Element" library="SeleniumLibrary">
<doc>Click the element identified by ``locator``.</doc>
<arguments>
<arg>id=checkout</arg>
</arguments>
<msg timestamp="20211121 16:43:51.377" level="INFO">Clicking element 'id=checkout'.</msg>
<status status="PASS" starttime="20211121 16:43:51.377" endtime="20211121 16:43:51.616"></status>
</kw>
<status status="PASS" starttime="20211121 16:43:51.267" endtime="20211121 16:43:51.616" critical="yes"></status>
</test>
<test id="s1-t5" name="Information">
<kw name="Wait Until Page Contains Element" library="SeleniumLibrary">
<doc>Waits until the element ``locator`` appears on the current page.</doc>
<arguments>
<arg>id=continue</arg>
</arguments>
<status status="PASS" starttime="20211121 16:43:51.617" endtime="20211121 16:43:51.725"></status>
</kw>
<kw name="Input Text" library="SeleniumLibrary">
<doc>Types the given ``text`` into the text field identified by ``locator``.</doc>
<arguments>
<arg>id=first-name</arg>
<arg>Jussi</arg>
</arguments>
<msg timestamp="20211121 16:43:51.725" level="INFO">Typing text 'Jussi' into text field 'id=first-name'.</msg>
<status status="PASS" starttime="20211121 16:43:51.725" endtime="20211121 16:43:52.089"></status>
</kw>
<kw name="Input Text" library="SeleniumLibrary">
<doc>Types the given ``text`` into the text field identified by ``locator``.</doc>
<arguments>
<arg>id=last-name</arg>
<arg>Kuusela</arg>
</arguments>
<msg timestamp="20211121 16:43:52.089" level="INFO">Typing text 'Kuusela' into text field 'id=last-name'.</msg>
<status status="PASS" starttime="20211121 16:43:52.089" endtime="20211121 16:43:52.473"></status>
</kw>
<kw name="Input Text" library="SeleniumLibrary">
<doc>Types the given ``text`` into the text field identified by ``locator``.</doc>
<arguments>
<arg>id=postal-code</arg>
<arg>33720</arg>
</arguments>
<msg timestamp="20211121 16:43:52.473" level="INFO">Typing text '33720' into text field 'id=postal-code'.</msg>
<status status="PASS" starttime="20211121 16:43:52.473" endtime="20211121 16:43:52.834"></status>
</kw>
<kw name="Click Element" library="SeleniumLibrary">
<doc>Click the element identified by ``locator``.</doc>
<arguments>
<arg>id=continue</arg>
</arguments>
<msg timestamp="20211121 16:43:52.834" level="INFO">Clicking element 'id=continue'.</msg>
<status status="PASS" starttime="20211121 16:43:52.834" endtime="20211121 16:43:53.082"></status>
</kw>
<status status="PASS" starttime="20211121 16:43:51.616" endtime="20211121 16:43:53.082" critical="yes"></status>
</test>
<test id="s1-t6" name="Overview">
<kw name="Wait Until Page Contains Element" library="SeleniumLibrary">
<doc>Waits until the element ``locator`` appears on the current page.</doc>
<arguments>
<arg>id=finish</arg>
</arguments>
<status status="PASS" starttime="20211121 16:43:53.082" endtime="20211121 16:43:53.191"></status>
</kw>
<kw name="Click Element" library="SeleniumLibrary">
<doc>Click the element identified by ``locator``.</doc>
<arguments>
<arg>id=finish</arg>
</arguments>
<msg timestamp="20211121 16:43:53.191" level="INFO">Clicking element 'id=finish'.</msg>
<status status="PASS" starttime="20211121 16:43:53.191" endtime="20211121 16:43:53.423"></status>
</kw>
<status status="PASS" starttime="20211121 16:43:53.082" endtime="20211121 16:43:53.423" critical="yes"></status>
</test>
<test id="s1-t7" name="Back Home">
<kw name="Wait Until Page Contains Element" library="SeleniumLibrary">
<doc>Waits until the element ``locator`` appears on the current page.</doc>
<arguments>
<arg>id=back-to-products</arg>
</arguments>
<status status="PASS" starttime="20211121 16:43:53.423" endtime="20211121 16:43:53.532"></status>
</kw>
<kw name="Click Element" library="SeleniumLibrary">
<doc>Click the element identified by ``locator``.</doc>
<arguments>
<arg>id=back-to-products</arg>
</arguments>
<msg timestamp="20211121 16:43:53.532" level="INFO">Clicking element 'id=back-to-products'.</msg>
<status status="PASS" starttime="20211121 16:43:53.532" endtime="20211121 16:43:53.764"></status>
</kw>
<status status="PASS" starttime="20211121 16:43:53.423" endtime="20211121 16:43:53.764" critical="yes"></status>
</test>
<test id="s1-t8" name="Close Browser">
<kw name="Sleep" library="BuiltIn">
<doc>Pauses the test executed for the given time.</doc>
<arguments>
<arg>2s</arg>
</arguments>
<msg timestamp="20211121 16:43:55.780" level="INFO">Slept 2 seconds</msg>
<status status="PASS" starttime="20211121 16:43:53.764" endtime="20211121 16:43:55.780"></status>
</kw>
<kw name="Close Browser" library="SeleniumLibrary">
<doc>Closes the current browser.</doc>
<status status="PASS" starttime="20211121 16:43:55.780" endtime="20211121 16:43:57.919"></status>
</kw>
<status status="PASS" starttime="20211121 16:43:53.764" endtime="20211121 16:43:57.919" critical="yes"></status>
</test>
<status status="PASS" starttime="20211121 16:43:47.942" endtime="20211121 16:43:57.920"></status>
</suite>
<statistics>
<total>
<stat pass="8" fail="0">Critical Tests</stat>
<stat pass="8" fail="0">All Tests</stat>
</total>
<tag>
</tag>
<suite>
<stat pass="8" fail="0" id="s1" name="Swag">Swag</stat>
</suite>
</statistics>
<errors>
</errors>
</robot>
